  Level.cpp
c:\users\tia-a\documents\fyp\student's cartridge\development\code\fyp\fyp\fyp\include\game\level.cpp(230): warning C4267: 'argument': conversion from 'size_t' to 'int32', possible loss of data
  Block.cpp
  Button.cpp
  ContactListener.cpp
  DoorPlat.cpp
c:\users\tia-a\documents\fyp\student's cartridge\development\code\fyp\fyp\fyp\src\game\doorplat.cpp(32): warning C4244: 'argument': conversion from 'double' to 'float32', possible loss of data
c:\users\tia-a\documents\fyp\student's cartridge\development\code\fyp\fyp\fyp\src\game\doorplat.cpp(37): warning C4244: 'argument': conversion from 'double' to 'float32', possible loss of data
c:\users\tia-a\documents\fyp\student's cartridge\development\code\fyp\fyp\fyp\src\game\doorplat.cpp(186): warning C4553: '==': result of expression not used; did you intend '='?
c:\users\tia-a\documents\fyp\student's cartridge\development\code\fyp\fyp\fyp\src\game\doorplat.cpp(203): warning C4553: '==': result of expression not used; did you intend '='?
  Draft.cpp
  Floor.cpp
  Game.cpp
  HUD.cpp
  Hazard.cpp
  HomeSensor.cpp
  Lvl1.cpp
c:\users\tia-a\documents\fyp\student's cartridge\development\code\fyp\fyp\fyp\src\game\levels\lvl1.cpp(216): warning C4267: 'argument': conversion from 'size_t' to 'int32', possible loss of data
  Lvl2.cpp
  Lever.cpp
  MovingPlat.cpp
c:\users\tia-a\documents\fyp\student's cartridge\development\code\fyp\fyp\fyp\src\game\movingplat.cpp(126): warning C4244: 'argument': conversion from 'int' to 'float32', possible loss of data
  PickUp.cpp
  Player.cpp
c:\users\tia-a\documents\fyp\student's cartridge\development\code\fyp\fyp\fyp\src\game\player.cpp(69): warning C4244: 'argument': conversion from 'double' to 'T', possible loss of data
          with
          [
              T=float
          ]
  Sensor.cpp
  Texture.cpp
c:\users\tia-a\documents\fyp\student's cartridge\development\code\fyp\fyp\fyp\src\game\texture.cpp(85): warning C4244: 'argument': conversion from 'int' to 'float', possible loss of data
c:\users\tia-a\documents\fyp\student's cartridge\development\code\fyp\fyp\fyp\src\game\texture.cpp(91): warning C4244: 'argument': conversion from 'int' to 'float', possible loss of data
  TextureManager.cpp
  Generating Code...
  Compiling...
  TiltingPlat.cpp
  LevelSelect.cpp
  Menu.cpp
c:\users\tia-a\documents\fyp\student's cartridge\development\code\fyp\fyp\fyp\src\menu\menu.cpp(50): warning C4244: 'argument': conversion from 'double' to 'T', possible loss of data
          with
          [
              T=float
          ]
c:\users\tia-a\documents\fyp\student's cartridge\development\code\fyp\fyp\fyp\src\menu\menu.cpp(81): warning C4244: 'argument': conversion from 'double' to 'T', possible loss of data
          with
          [
              T=float
          ]
c:\users\tia-a\documents\fyp\student's cartridge\development\code\fyp\fyp\fyp\src\menu\menu.cpp(90): warning C4244: 'argument': conversion from 'double' to 'T', possible loss of data
          with
          [
              T=float
          ]
  noConnection.cpp
  GameState.cpp
  LevelSelectState.cpp
  MenuState.cpp
c:\users\tia-a\documents\fyp\student's cartridge\development\code\fyp\fyp\fyp\src\states\menustate.cpp(9): warning C4244: '=': conversion from 'float' to 'int', possible loss of data
c:\users\tia-a\documents\fyp\student's cartridge\development\code\fyp\fyp\fyp\src\states\menustate.cpp(10): warning C4244: '=': conversion from 'float' to 'int', possible loss of data
c:\users\tia-a\documents\fyp\student's cartridge\development\code\fyp\fyp\fyp\src\states\menustate.cpp(27): warning C4244: 'argument': conversion from 'int' to 'float', possible loss of data
c:\users\tia-a\documents\fyp\student's cartridge\development\code\fyp\fyp\fyp\src\states\menustate.cpp(32): warning C4244: 'argument': conversion from 'int' to 'float', possible loss of data
  NetworkState.cpp
  ServerMain.cpp
  Generating Code...
  LINK : C:\Users\Tia-A\Documents\FYP\Student's Cartridge\Development\Code\FYP\Server\x64\Debug\Server.exe not found or not built by the last incremental link; performing full link
  Server.vcxproj -> C:\Users\Tia-A\Documents\FYP\Student's Cartridge\Development\Code\FYP\Server\x64\Debug\Server.exe
