  Block.cpp
  Button.cpp
  ContactListener.cpp
  DoorPlat.cpp
c:\users\tia-a\documents\fyp\student's cartridge\development\code\fyp\fyp\fyp\src\game\doorplat.cpp(42): warning C4244: 'argument': conversion from 'double' to 'T', possible loss of data
          with
          [
              T=float
          ]
c:\users\tia-a\documents\fyp\student's cartridge\development\code\fyp\fyp\fyp\src\game\doorplat.cpp(139): warning C4553: '==': result of expression not used; did you intend '='?
  Floor.cpp
  Game.cpp
  Hazard.cpp
  HomeSensor.cpp
  HUD.cpp
  Lvl1.cpp
  Lever.cpp
  MovingPlat.cpp
c:\users\tia-a\documents\fyp\student's cartridge\development\code\fyp\fyp\fyp\src\game\movingplat.cpp(119): warning C4244: 'argument': conversion from 'int' to 'float32', possible loss of data
  PickUp.cpp
  Player.cpp
c:\users\tia-a\documents\fyp\student's cartridge\development\code\fyp\fyp\fyp\src\game\player.cpp(66): warning C4244: 'argument': conversion from 'double' to 'T', possible loss of data
          with
          [
              T=float
          ]
  Sensor.cpp
  SFMLDebugDraw.cpp
c:\users\tia-a\documents\fyp\student's cartridge\development\code\fyp\fyp\fyp\src\game\sfmldebugdraw.cpp(21): warning C4244: 'argument': conversion from 'const float32' to 'sf::Uint8', possible loss of data
c:\users\tia-a\documents\fyp\student's cartridge\development\code\fyp\fyp\fyp\src\game\sfmldebugdraw.cpp(30): warning C4244: 'argument': conversion from 'const float32' to 'sf::Uint8', possible loss of data
c:\users\tia-a\documents\fyp\student's cartridge\development\code\fyp\fyp\fyp\src\game\sfmldebugdraw.cpp(40): warning C4244: 'argument': conversion from 'const float32' to 'sf::Uint8', possible loss of data
c:\users\tia-a\documents\fyp\student's cartridge\development\code\fyp\fyp\fyp\src\game\sfmldebugdraw.cpp(48): warning C4244: 'argument': conversion from 'float' to 'size_t', possible loss of data
c:\users\tia-a\documents\fyp\student's cartridge\development\code\fyp\fyp\fyp\src\game\sfmldebugdraw.cpp(57): warning C4244: 'argument': conversion from 'const float32' to 'sf::Uint8', possible loss of data
c:\users\tia-a\documents\fyp\student's cartridge\development\code\fyp\fyp\fyp\src\game\sfmldebugdraw.cpp(65): warning C4244: 'argument': conversion from 'float' to 'size_t', possible loss of data
c:\users\tia-a\documents\fyp\student's cartridge\development\code\fyp\fyp\fyp\src\game\sfmldebugdraw.cpp(70): warning C4244: 'argument': conversion from 'const float32' to 'sf::Uint8', possible loss of data
c:\users\tia-a\documents\fyp\student's cartridge\development\code\fyp\fyp\fyp\src\game\sfmldebugdraw.cpp(75): warning C4244: 'argument': conversion from 'const float32' to 'sf::Uint8', possible loss of data
c:\users\tia-a\documents\fyp\student's cartridge\development\code\fyp\fyp\fyp\src\game\sfmldebugdraw.cpp(90): warning C4244: 'argument': conversion from 'const float32' to 'sf::Uint8', possible loss of data
c:\users\tia-a\documents\fyp\student's cartridge\development\code\fyp\fyp\fyp\src\game\sfmldebugdraw.cpp(91): warning C4244: 'argument': conversion from 'const float32' to 'sf::Uint8', possible loss of data
  Texture.cpp
c:\users\tia-a\documents\fyp\student's cartridge\development\code\fyp\fyp\fyp\src\game\texture.cpp(85): warning C4244: 'argument': conversion from 'int' to 'float', possible loss of data
c:\users\tia-a\documents\fyp\student's cartridge\development\code\fyp\fyp\fyp\src\game\texture.cpp(91): warning C4244: 'argument': conversion from 'int' to 'float', possible loss of data
  TextureManager.cpp
  TiltingPlat.cpp
  main.cpp
c:\users\tia-a\documents\fyp\student's cartridge\development\code\fyp\fyp\fyp\src\main.cpp(19): warning C4244: 'argument': conversion from 'T' to 'float', possible loss of data
          with
          [
              T=unsigned int
          ]
  Generating Code...
  Compiling...
  LevelSelect.cpp
  Menu.cpp
c:\users\tia-a\documents\fyp\student's cartridge\development\code\fyp\fyp\fyp\src\menu\menu.cpp(44): warning C4244: 'argument': conversion from 'double' to 'T', possible loss of data
          with
          [
              T=float
          ]
c:\users\tia-a\documents\fyp\student's cartridge\development\code\fyp\fyp\fyp\src\menu\menu.cpp(101): warning C4996: 'sf::Text::setColor': was declared deprecated
  c:\users\tia-a\documents\fyp\student's cartridge\development\code\fyp\vendor\sfml-2.4.2\include\sfml\graphics\text.hpp(177): note: see declaration of 'sf::Text::setColor'
c:\users\tia-a\documents\fyp\student's cartridge\development\code\fyp\fyp\fyp\src\menu\menu.cpp(103): warning C4996: 'sf::Text::setColor': was declared deprecated
  c:\users\tia-a\documents\fyp\student's cartridge\development\code\fyp\vendor\sfml-2.4.2\include\sfml\graphics\text.hpp(177): note: see declaration of 'sf::Text::setColor'
c:\users\tia-a\documents\fyp\student's cartridge\development\code\fyp\fyp\fyp\src\menu\menu.cpp(111): warning C4996: 'sf::Text::setColor': was declared deprecated
  c:\users\tia-a\documents\fyp\student's cartridge\development\code\fyp\vendor\sfml-2.4.2\include\sfml\graphics\text.hpp(177): note: see declaration of 'sf::Text::setColor'
c:\users\tia-a\documents\fyp\student's cartridge\development\code\fyp\fyp\fyp\src\menu\menu.cpp(113): warning C4996: 'sf::Text::setColor': was declared deprecated
  c:\users\tia-a\documents\fyp\student's cartridge\development\code\fyp\vendor\sfml-2.4.2\include\sfml\graphics\text.hpp(177): note: see declaration of 'sf::Text::setColor'
  GameState.cpp
  LevelSelectState.cpp
  MenuState.cpp
c:\users\tia-a\documents\fyp\student's cartridge\development\code\fyp\fyp\fyp\src\states\menustate.cpp(9): warning C4244: '=': conversion from 'float' to 'int', possible loss of data
c:\users\tia-a\documents\fyp\student's cartridge\development\code\fyp\fyp\fyp\src\states\menustate.cpp(10): warning C4244: '=': conversion from 'float' to 'int', possible loss of data
c:\users\tia-a\documents\fyp\student's cartridge\development\code\fyp\fyp\fyp\src\states\menustate.cpp(27): warning C4244: 'argument': conversion from 'int' to 'float', possible loss of data
  State.cpp
  Generating Code...
winmm.lib(WINMM.dll) : warning LNK4006: __NULL_IMPORT_DESCRIPTOR already defined in opengl32.lib(OPENGL32.dll); second definition ignored
winmm.lib(WINMM.dll) : warning LNK4221: This object file does not define any previously undefined public symbols, so it will not be used by any link operation that consumes this library
gdi32.lib(GDI32.dll) : warning LNK4006: __NULL_IMPORT_DESCRIPTOR already defined in opengl32.lib(OPENGL32.dll); second definition ignored
gdi32.lib(GDI32.dll) : warning LNK4221: This object file does not define any previously undefined public symbols, so it will not be used by any link operation that consumes this library
openal32.lib(OpenAL32.dll) : warning LNK4006: __NULL_IMPORT_DESCRIPTOR already defined in opengl32.lib(OPENGL32.dll); second definition ignored
openal32.lib(OpenAL32.dll) : warning LNK4221: This object file does not define any previously undefined public symbols, so it will not be used by any link operation that consumes this library
vorbis.lib(vorbisenc.obj) : warning LNK4006: vorbis_encode_init already defined in vorbisenc.lib(vorbisenc.obj); second definition ignored
vorbis.lib(vorbisenc.obj) : warning LNK4006: vorbis_encode_setup_managed already defined in vorbisenc.lib(vorbisenc.obj); second definition ignored
vorbis.lib(vorbisenc.obj) : warning LNK4006: vorbis_encode_setup_vbr already defined in vorbisenc.lib(vorbisenc.obj); second definition ignored
vorbis.lib(vorbisenc.obj) : warning LNK4006: vorbis_encode_init_vbr already defined in vorbisenc.lib(vorbisenc.obj); second definition ignored
vorbis.lib(vorbisenc.obj) : warning LNK4006: vorbis_encode_setup_init already defined in vorbisenc.lib(vorbisenc.obj); second definition ignored
vorbis.lib(vorbisenc.obj) : warning LNK4006: vorbis_encode_ctl already defined in vorbisenc.lib(vorbisenc.obj); second definition ignored
vorbis.lib(vorbisenc.obj) : warning LNK4221: This object file does not define any previously undefined public symbols, so it will not be used by any link operation that consumes this library
  Game - lib.vcxproj -> C:\Users\Tia-A\Documents\FYP\Student's Cartridge\Development\Code\FYP\FYP\x64\Debug\Game - lib.lib
