c:\users\tia-a\documents\fyp\student's cartridge\development\code\fyp\fyp\game - lib\x64\debug\game - lib.pdb
c:\users\tia-a\documents\fyp\student's cartridge\development\code\fyp\fyp\game - lib\x64\debug\game - lib.idb
c:\users\tia-a\documents\fyp\student's cartridge\development\code\fyp\fyp\game - lib\x64\debug\main.obj
c:\users\tia-a\documents\fyp\student's cartridge\development\code\fyp\fyp\game - lib\x64\debug\tiltingplat.obj
c:\users\tia-a\documents\fyp\student's cartridge\development\code\fyp\fyp\game - lib\x64\debug\texturemanager.obj
c:\users\tia-a\documents\fyp\student's cartridge\development\code\fyp\fyp\game - lib\x64\debug\texture.obj
c:\users\tia-a\documents\fyp\student's cartridge\development\code\fyp\fyp\game - lib\x64\debug\sfmldebugdraw.obj
c:\users\tia-a\documents\fyp\student's cartridge\development\code\fyp\fyp\game - lib\x64\debug\sensor.obj
c:\users\tia-a\documents\fyp\student's cartridge\development\code\fyp\fyp\game - lib\x64\debug\player.obj
c:\users\tia-a\documents\fyp\student's cartridge\development\code\fyp\fyp\game - lib\x64\debug\pickup.obj
c:\users\tia-a\documents\fyp\student's cartridge\development\code\fyp\fyp\game - lib\x64\debug\movingplat.obj
c:\users\tia-a\documents\fyp\student's cartridge\development\code\fyp\fyp\game - lib\x64\debug\lever.obj
c:\users\tia-a\documents\fyp\student's cartridge\development\code\fyp\fyp\game - lib\x64\debug\lvl1.obj
c:\users\tia-a\documents\fyp\student's cartridge\development\code\fyp\fyp\game - lib\x64\debug\hud.obj
c:\users\tia-a\documents\fyp\student's cartridge\development\code\fyp\fyp\game - lib\x64\debug\homesensor.obj
c:\users\tia-a\documents\fyp\student's cartridge\development\code\fyp\fyp\game - lib\x64\debug\hazard.obj
c:\users\tia-a\documents\fyp\student's cartridge\development\code\fyp\fyp\game - lib\x64\debug\game.obj
c:\users\tia-a\documents\fyp\student's cartridge\development\code\fyp\fyp\game - lib\x64\debug\floor.obj
c:\users\tia-a\documents\fyp\student's cartridge\development\code\fyp\fyp\game - lib\x64\debug\doorplat.obj
c:\users\tia-a\documents\fyp\student's cartridge\development\code\fyp\fyp\game - lib\x64\debug\contactlistener.obj
c:\users\tia-a\documents\fyp\student's cartridge\development\code\fyp\fyp\game - lib\x64\debug\button.obj
c:\users\tia-a\documents\fyp\student's cartridge\development\code\fyp\fyp\game - lib\x64\debug\block.obj
c:\users\tia-a\documents\fyp\student's cartridge\development\code\fyp\fyp\game - lib\x64\debug\state.obj
c:\users\tia-a\documents\fyp\student's cartridge\development\code\fyp\fyp\game - lib\x64\debug\menustate.obj
c:\users\tia-a\documents\fyp\student's cartridge\development\code\fyp\fyp\game - lib\x64\debug\levelselectstate.obj
c:\users\tia-a\documents\fyp\student's cartridge\development\code\fyp\fyp\game - lib\x64\debug\gamestate.obj
c:\users\tia-a\documents\fyp\student's cartridge\development\code\fyp\fyp\game - lib\x64\debug\menu.obj
c:\users\tia-a\documents\fyp\student's cartridge\development\code\fyp\fyp\game - lib\x64\debug\levelselect.obj
c:\users\tia-a\documents\fyp\student's cartridge\development\code\fyp\fyp\x64\debug\game - lib.lib
c:\users\tia-a\documents\fyp\student's cartridge\development\code\fyp\fyp\x64\debug\game - lib.pdb
c:\users\tia-a\documents\fyp\student's cartridge\development\code\fyp\fyp\game - lib\x64\debug\game - lib.tlog\cl.command.1.tlog
c:\users\tia-a\documents\fyp\student's cartridge\development\code\fyp\fyp\game - lib\x64\debug\game - lib.tlog\cl.read.1.tlog
c:\users\tia-a\documents\fyp\student's cartridge\development\code\fyp\fyp\game - lib\x64\debug\game - lib.tlog\cl.write.1.tlog
c:\users\tia-a\documents\fyp\student's cartridge\development\code\fyp\fyp\game - lib\x64\debug\game - lib.tlog\lib-link.read.1.tlog
c:\users\tia-a\documents\fyp\student's cartridge\development\code\fyp\fyp\game - lib\x64\debug\game - lib.tlog\lib-link.write.1.tlog
c:\users\tia-a\documents\fyp\student's cartridge\development\code\fyp\fyp\game - lib\x64\debug\game - lib.tlog\lib.command.1.tlog
