  Level.cpp
c:\users\tia-a\documents\fyp\student's cartridge\development\code\fyp\fyp\fyp\include\game\level.cpp(230): warning C4267: 'argument': conversion from 'size_t' to 'int32', possible loss of data
  Game.cpp
  Lvl1.cpp
c:\users\tia-a\documents\fyp\student's cartridge\development\code\fyp\fyp\fyp\src\game\levels\lvl1.cpp(216): warning C4267: 'argument': conversion from 'size_t' to 'int32', possible loss of data
  Lvl2.cpp
  GameState.cpp
  LevelSelectState.cpp
  MenuState.cpp
c:\users\tia-a\documents\fyp\student's cartridge\development\code\fyp\fyp\fyp\src\states\menustate.cpp(9): warning C4244: '=': conversion from 'float' to 'int', possible loss of data
c:\users\tia-a\documents\fyp\student's cartridge\development\code\fyp\fyp\fyp\src\states\menustate.cpp(10): warning C4244: '=': conversion from 'float' to 'int', possible loss of data
c:\users\tia-a\documents\fyp\student's cartridge\development\code\fyp\fyp\fyp\src\states\menustate.cpp(27): warning C4244: 'argument': conversion from 'int' to 'float', possible loss of data
c:\users\tia-a\documents\fyp\student's cartridge\development\code\fyp\fyp\fyp\src\states\menustate.cpp(32): warning C4244: 'argument': conversion from 'int' to 'float', possible loss of data
  NetworkState.cpp
  main.cpp
c:\users\tia-a\documents\fyp\student's cartridge\development\code\fyp\fyp\fyp\src\main.cpp(12): warning C4326: return type of 'main' should be 'int' instead of 'void'
c:\users\tia-a\documents\fyp\student's cartridge\development\code\fyp\fyp\fyp\src\main.cpp(19): warning C4244: 'argument': conversion from 'T' to 'float', possible loss of data
          with
          [
              T=unsigned int
          ]
  Client.cpp
  Server.cpp
c:\users\tia-a\documents\fyp\student's cartridge\development\code\fyp\server\server\src\server.cpp(359): warning C4267: 'return': conversion from 'size_t' to 'unsigned int', possible loss of data
  Generating Code...
Box2D.lib(b2ChainShape.obj) : warning LNK4099: PDB 'Box2D.pdb' was not found with 'Box2D.lib(b2ChainShape.obj)' or at 'C:\Users\Tia-A\Documents\FYP\Student's Cartridge\Development\Code\FYP\FYP\x64\Release\Box2D.pdb'; linking object as if no debug info
Box2D.lib(b2CircleShape.obj) : warning LNK4099: PDB 'Box2D.pdb' was not found with 'Box2D.lib(b2CircleShape.obj)' or at 'C:\Users\Tia-A\Documents\FYP\Student's Cartridge\Development\Code\FYP\FYP\x64\Release\Box2D.pdb'; linking object as if no debug info
Box2D.lib(b2EdgeShape.obj) : warning LNK4099: PDB 'Box2D.pdb' was not found with 'Box2D.lib(b2EdgeShape.obj)' or at 'C:\Users\Tia-A\Documents\FYP\Student's Cartridge\Development\Code\FYP\FYP\x64\Release\Box2D.pdb'; linking object as if no debug info
Box2D.lib(b2PolygonShape.obj) : warning LNK4099: PDB 'Box2D.pdb' was not found with 'Box2D.lib(b2PolygonShape.obj)' or at 'C:\Users\Tia-A\Documents\FYP\Student's Cartridge\Development\Code\FYP\FYP\x64\Release\Box2D.pdb'; linking object as if no debug info
Box2D.lib(b2BroadPhase.obj) : warning LNK4099: PDB 'Box2D.pdb' was not found with 'Box2D.lib(b2BroadPhase.obj)' or at 'C:\Users\Tia-A\Documents\FYP\Student's Cartridge\Development\Code\FYP\FYP\x64\Release\Box2D.pdb'; linking object as if no debug info
Box2D.lib(b2CollideCircle.obj) : warning LNK4099: PDB 'Box2D.pdb' was not found with 'Box2D.lib(b2CollideCircle.obj)' or at 'C:\Users\Tia-A\Documents\FYP\Student's Cartridge\Development\Code\FYP\FYP\x64\Release\Box2D.pdb'; linking object as if no debug info
Box2D.lib(b2CollideEdge.obj) : warning LNK4099: PDB 'Box2D.pdb' was not found with 'Box2D.lib(b2CollideEdge.obj)' or at 'C:\Users\Tia-A\Documents\FYP\Student's Cartridge\Development\Code\FYP\FYP\x64\Release\Box2D.pdb'; linking object as if no debug info
Box2D.lib(b2CollidePolygon.obj) : warning LNK4099: PDB 'Box2D.pdb' was not found with 'Box2D.lib(b2CollidePolygon.obj)' or at 'C:\Users\Tia-A\Documents\FYP\Student's Cartridge\Development\Code\FYP\FYP\x64\Release\Box2D.pdb'; linking object as if no debug info
Box2D.lib(b2Collision.obj) : warning LNK4099: PDB 'Box2D.pdb' was not found with 'Box2D.lib(b2Collision.obj)' or at 'C:\Users\Tia-A\Documents\FYP\Student's Cartridge\Development\Code\FYP\FYP\x64\Release\Box2D.pdb'; linking object as if no debug info
Box2D.lib(b2Distance.obj) : warning LNK4099: PDB 'Box2D.pdb' was not found with 'Box2D.lib(b2Distance.obj)' or at 'C:\Users\Tia-A\Documents\FYP\Student's Cartridge\Development\Code\FYP\FYP\x64\Release\Box2D.pdb'; linking object as if no debug info
Box2D.lib(b2DynamicTree.obj) : warning LNK4099: PDB 'Box2D.pdb' was not found with 'Box2D.lib(b2DynamicTree.obj)' or at 'C:\Users\Tia-A\Documents\FYP\Student's Cartridge\Development\Code\FYP\FYP\x64\Release\Box2D.pdb'; linking object as if no debug info
Box2D.lib(b2TimeOfImpact.obj) : warning LNK4099: PDB 'Box2D.pdb' was not found with 'Box2D.lib(b2TimeOfImpact.obj)' or at 'C:\Users\Tia-A\Documents\FYP\Student's Cartridge\Development\Code\FYP\FYP\x64\Release\Box2D.pdb'; linking object as if no debug info
Box2D.lib(b2BlockAllocator.obj) : warning LNK4099: PDB 'Box2D.pdb' was not found with 'Box2D.lib(b2BlockAllocator.obj)' or at 'C:\Users\Tia-A\Documents\FYP\Student's Cartridge\Development\Code\FYP\FYP\x64\Release\Box2D.pdb'; linking object as if no debug info
Box2D.lib(b2Draw.obj) : warning LNK4099: PDB 'Box2D.pdb' was not found with 'Box2D.lib(b2Draw.obj)' or at 'C:\Users\Tia-A\Documents\FYP\Student's Cartridge\Development\Code\FYP\FYP\x64\Release\Box2D.pdb'; linking object as if no debug info
Box2D.lib(b2Math.obj) : warning LNK4099: PDB 'Box2D.pdb' was not found with 'Box2D.lib(b2Math.obj)' or at 'C:\Users\Tia-A\Documents\FYP\Student's Cartridge\Development\Code\FYP\FYP\x64\Release\Box2D.pdb'; linking object as if no debug info
Box2D.lib(b2Settings.obj) : warning LNK4099: PDB 'Box2D.pdb' was not found with 'Box2D.lib(b2Settings.obj)' or at 'C:\Users\Tia-A\Documents\FYP\Student's Cartridge\Development\Code\FYP\FYP\x64\Release\Box2D.pdb'; linking object as if no debug info
Box2D.lib(b2StackAllocator.obj) : warning LNK4099: PDB 'Box2D.pdb' was not found with 'Box2D.lib(b2StackAllocator.obj)' or at 'C:\Users\Tia-A\Documents\FYP\Student's Cartridge\Development\Code\FYP\FYP\x64\Release\Box2D.pdb'; linking object as if no debug info
Box2D.lib(b2Timer.obj) : warning LNK4099: PDB 'Box2D.pdb' was not found with 'Box2D.lib(b2Timer.obj)' or at 'C:\Users\Tia-A\Documents\FYP\Student's Cartridge\Development\Code\FYP\FYP\x64\Release\Box2D.pdb'; linking object as if no debug info
Box2D.lib(b2ChainAndCircleContact.obj) : warning LNK4099: PDB 'Box2D.pdb' was not found with 'Box2D.lib(b2ChainAndCircleContact.obj)' or at 'C:\Users\Tia-A\Documents\FYP\Student's Cartridge\Development\Code\FYP\FYP\x64\Release\Box2D.pdb'; linking object as if no debug info
Box2D.lib(b2ChainAndPolygonContact.obj) : warning LNK4099: PDB 'Box2D.pdb' was not found with 'Box2D.lib(b2ChainAndPolygonContact.obj)' or at 'C:\Users\Tia-A\Documents\FYP\Student's Cartridge\Development\Code\FYP\FYP\x64\Release\Box2D.pdb'; linking object as if no debug info
Box2D.lib(b2CircleContact.obj) : warning LNK4099: PDB 'Box2D.pdb' was not found with 'Box2D.lib(b2CircleContact.obj)' or at 'C:\Users\Tia-A\Documents\FYP\Student's Cartridge\Development\Code\FYP\FYP\x64\Release\Box2D.pdb'; linking object as if no debug info
Box2D.lib(b2Contact.obj) : warning LNK4099: PDB 'Box2D.pdb' was not found with 'Box2D.lib(b2Contact.obj)' or at 'C:\Users\Tia-A\Documents\FYP\Student's Cartridge\Development\Code\FYP\FYP\x64\Release\Box2D.pdb'; linking object as if no debug info
Box2D.lib(b2ContactSolver.obj) : warning LNK4099: PDB 'Box2D.pdb' was not found with 'Box2D.lib(b2ContactSolver.obj)' or at 'C:\Users\Tia-A\Documents\FYP\Student's Cartridge\Development\Code\FYP\FYP\x64\Release\Box2D.pdb'; linking object as if no debug info
Box2D.lib(b2EdgeAndCircleContact.obj) : warning LNK4099: PDB 'Box2D.pdb' was not found with 'Box2D.lib(b2EdgeAndCircleContact.obj)' or at 'C:\Users\Tia-A\Documents\FYP\Student's Cartridge\Development\Code\FYP\FYP\x64\Release\Box2D.pdb'; linking object as if no debug info
Box2D.lib(b2EdgeAndPolygonContact.obj) : warning LNK4099: PDB 'Box2D.pdb' was not found with 'Box2D.lib(b2EdgeAndPolygonContact.obj)' or at 'C:\Users\Tia-A\Documents\FYP\Student's Cartridge\Development\Code\FYP\FYP\x64\Release\Box2D.pdb'; linking object as if no debug info
Box2D.lib(b2PolygonAndCircleContact.obj) : warning LNK4099: PDB 'Box2D.pdb' was not found with 'Box2D.lib(b2PolygonAndCircleContact.obj)' or at 'C:\Users\Tia-A\Documents\FYP\Student's Cartridge\Development\Code\FYP\FYP\x64\Release\Box2D.pdb'; linking object as if no debug info
Box2D.lib(b2PolygonContact.obj) : warning LNK4099: PDB 'Box2D.pdb' was not found with 'Box2D.lib(b2PolygonContact.obj)' or at 'C:\Users\Tia-A\Documents\FYP\Student's Cartridge\Development\Code\FYP\FYP\x64\Release\Box2D.pdb'; linking object as if no debug info
Box2D.lib(b2DistanceJoint.obj) : warning LNK4099: PDB 'Box2D.pdb' was not found with 'Box2D.lib(b2DistanceJoint.obj)' or at 'C:\Users\Tia-A\Documents\FYP\Student's Cartridge\Development\Code\FYP\FYP\x64\Release\Box2D.pdb'; linking object as if no debug info
Box2D.lib(b2FrictionJoint.obj) : warning LNK4099: PDB 'Box2D.pdb' was not found with 'Box2D.lib(b2FrictionJoint.obj)' or at 'C:\Users\Tia-A\Documents\FYP\Student's Cartridge\Development\Code\FYP\FYP\x64\Release\Box2D.pdb'; linking object as if no debug info
Box2D.lib(b2GearJoint.obj) : warning LNK4099: PDB 'Box2D.pdb' was not found with 'Box2D.lib(b2GearJoint.obj)' or at 'C:\Users\Tia-A\Documents\FYP\Student's Cartridge\Development\Code\FYP\FYP\x64\Release\Box2D.pdb'; linking object as if no debug info
Box2D.lib(b2Joint.obj) : warning LNK4099: PDB 'Box2D.pdb' was not found with 'Box2D.lib(b2Joint.obj)' or at 'C:\Users\Tia-A\Documents\FYP\Student's Cartridge\Development\Code\FYP\FYP\x64\Release\Box2D.pdb'; linking object as if no debug info
Box2D.lib(b2MotorJoint.obj) : warning LNK4099: PDB 'Box2D.pdb' was not found with 'Box2D.lib(b2MotorJoint.obj)' or at 'C:\Users\Tia-A\Documents\FYP\Student's Cartridge\Development\Code\FYP\FYP\x64\Release\Box2D.pdb'; linking object as if no debug info
Box2D.lib(b2MouseJoint.obj) : warning LNK4099: PDB 'Box2D.pdb' was not found with 'Box2D.lib(b2MouseJoint.obj)' or at 'C:\Users\Tia-A\Documents\FYP\Student's Cartridge\Development\Code\FYP\FYP\x64\Release\Box2D.pdb'; linking object as if no debug info
Box2D.lib(b2PrismaticJoint.obj) : warning LNK4099: PDB 'Box2D.pdb' was not found with 'Box2D.lib(b2PrismaticJoint.obj)' or at 'C:\Users\Tia-A\Documents\FYP\Student's Cartridge\Development\Code\FYP\FYP\x64\Release\Box2D.pdb'; linking object as if no debug info
Box2D.lib(b2PulleyJoint.obj) : warning LNK4099: PDB 'Box2D.pdb' was not found with 'Box2D.lib(b2PulleyJoint.obj)' or at 'C:\Users\Tia-A\Documents\FYP\Student's Cartridge\Development\Code\FYP\FYP\x64\Release\Box2D.pdb'; linking object as if no debug info
Box2D.lib(b2RevoluteJoint.obj) : warning LNK4099: PDB 'Box2D.pdb' was not found with 'Box2D.lib(b2RevoluteJoint.obj)' or at 'C:\Users\Tia-A\Documents\FYP\Student's Cartridge\Development\Code\FYP\FYP\x64\Release\Box2D.pdb'; linking object as if no debug info
Box2D.lib(b2RopeJoint.obj) : warning LNK4099: PDB 'Box2D.pdb' was not found with 'Box2D.lib(b2RopeJoint.obj)' or at 'C:\Users\Tia-A\Documents\FYP\Student's Cartridge\Development\Code\FYP\FYP\x64\Release\Box2D.pdb'; linking object as if no debug info
Box2D.lib(b2WeldJoint.obj) : warning LNK4099: PDB 'Box2D.pdb' was not found with 'Box2D.lib(b2WeldJoint.obj)' or at 'C:\Users\Tia-A\Documents\FYP\Student's Cartridge\Development\Code\FYP\FYP\x64\Release\Box2D.pdb'; linking object as if no debug info
Box2D.lib(b2WheelJoint.obj) : warning LNK4099: PDB 'Box2D.pdb' was not found with 'Box2D.lib(b2WheelJoint.obj)' or at 'C:\Users\Tia-A\Documents\FYP\Student's Cartridge\Development\Code\FYP\FYP\x64\Release\Box2D.pdb'; linking object as if no debug info
Box2D.lib(b2Body.obj) : warning LNK4099: PDB 'Box2D.pdb' was not found with 'Box2D.lib(b2Body.obj)' or at 'C:\Users\Tia-A\Documents\FYP\Student's Cartridge\Development\Code\FYP\FYP\x64\Release\Box2D.pdb'; linking object as if no debug info
Box2D.lib(b2ContactManager.obj) : warning LNK4099: PDB 'Box2D.pdb' was not found with 'Box2D.lib(b2ContactManager.obj)' or at 'C:\Users\Tia-A\Documents\FYP\Student's Cartridge\Development\Code\FYP\FYP\x64\Release\Box2D.pdb'; linking object as if no debug info
Box2D.lib(b2Fixture.obj) : warning LNK4099: PDB 'Box2D.pdb' was not found with 'Box2D.lib(b2Fixture.obj)' or at 'C:\Users\Tia-A\Documents\FYP\Student's Cartridge\Development\Code\FYP\FYP\x64\Release\Box2D.pdb'; linking object as if no debug info
Box2D.lib(b2Island.obj) : warning LNK4099: PDB 'Box2D.pdb' was not found with 'Box2D.lib(b2Island.obj)' or at 'C:\Users\Tia-A\Documents\FYP\Student's Cartridge\Development\Code\FYP\FYP\x64\Release\Box2D.pdb'; linking object as if no debug info
Box2D.lib(b2World.obj) : warning LNK4099: PDB 'Box2D.pdb' was not found with 'Box2D.lib(b2World.obj)' or at 'C:\Users\Tia-A\Documents\FYP\Student's Cartridge\Development\Code\FYP\FYP\x64\Release\Box2D.pdb'; linking object as if no debug info
Box2D.lib(b2WorldCallbacks.obj) : warning LNK4099: PDB 'Box2D.pdb' was not found with 'Box2D.lib(b2WorldCallbacks.obj)' or at 'C:\Users\Tia-A\Documents\FYP\Student's Cartridge\Development\Code\FYP\FYP\x64\Release\Box2D.pdb'; linking object as if no debug info
  FYP.vcxproj -> C:\Users\Tia-A\Documents\FYP\Student's Cartridge\Development\Code\FYP\FYP\x64\Release\Game.exe
